<?xml version="1.0" encoding="UTF-8"?>
<testng-results ignored="0" total="1" passed="1" failed="0" skipped="0">
  <reporter-output>
  </reporter-output>
  <suite started-at="2023-06-05T14:06:40 IST" name="Default suite" finished-at="2023-06-05T14:08:58 IST" duration-ms="138409">
    <groups>
      <group name="SmokeTest">
        <method signature="SampleTest.m1()[pri:0, instance:practice.SampleTest@9597028]" name="m1" class="practice.SampleTest"/>
      </group> <!-- SmokeTest -->
    </groups>
    <test started-at="2023-06-05T14:06:40 IST" name="Default test" finished-at="2023-06-05T14:08:58 IST" duration-ms="138409">
      <class name="practice.SampleTest">
        <test-method signature="m1()[pri:0, instance:practice.SampleTest@9597028]" started-at="2023-06-05T14:06:40 IST" name="m1" finished-at="2023-06-05T14:08:58 IST" duration-ms="138012" status="PASS">
          <reporter-output>
          </reporter-output>
        </test-method> <!-- m1 -->
      </class> <!-- practice.SampleTest -->
    </test> <!-- Default test -->
  </suite> <!-- Default suite -->
</testng-results>
